  Cell.cpp
  CellMatrix.cpp
  Console.cpp
  ConsoleColor.cpp
  ConsoleContext.cpp
  ConsoleImage.cpp
  ConsoleKeyEvent.cpp
  ConsoleKeyFilterDown.cpp
  ConsoleKeyFilterModifiers.cpp
  ConsoleKeyFilterUp.cpp
  ConsoleKeyReader.cpp
  ConsolePixel.cpp
  ConsoleWriter.cpp
  Controller.cpp
  EcaActionKeyBinding.cpp
  GameOfLife.cpp
  Main.cpp
  Model.cpp
  Neighbourhood.cpp
  rleUtil.cpp
y:\b52-dev-env_bd\gol\gol\rleutil.cpp(70): warning C4244: 'argument' : conversion de 'double' en 'const int', perte possible de données
y:\b52-dev-env_bd\gol\gol\rleutil.cpp(85): warning C4018: '<' : incompatibilité signed/unsigned
  Compilation en cours...
  Rule.cpp
y:\b52-dev-env_bd\gol\gol\rule.cpp(21): warning C4018: '<' : incompatibilité signed/unsigned
  View.cpp
  Génération de code en cours
  All 2333 functions were compiled because no usable IPDB/IOBJ from previous compilation was found.
  Fin de la génération du code
  GoL.vcxproj -> Y:\B52-Dev-Env_BD\GoL\Release\GoL.exe
